{"D:\\LoginPage\\src\\routes.js": {"path":"D:\\LoginPage\\src\\routes.js","statementMap":{"0":{"start":{"line":11,"column":23},"end":{"line":11,"column":45}},"1":{"start":{"line":13,"column":15},"end":{"line":25,"column":1}},"2":{"start":{"line":14,"column":2},"end":{"line":24,"column":12}}},"fnMap":{"0":{"name":"(anonymous_0)","decl":{"start":{"line":13,"column":15},"end":{"line":13,"column":16}},"loc":{"start":{"line":14,"column":2},"end":{"line":24,"column":12}},"line":14}},"branchMap":{},"s":{"0":2,"1":2,"2":0},"f":{"0":0},"b":{},"_coverageSchema":"332fd63041d2c1bcb487cc26dd0d5f7d97098a6c","hash":"5098518c2c7f10746f48a95f27c694ad645c4d9e"}
,"D:\\LoginPage\\src\\actionCreators\\Form.js": {"path":"D:\\LoginPage\\src\\actionCreators\\Form.js","statementMap":{"0":{"start":{"line":4,"column":2},"end":{"line":7,"column":4}},"1":{"start":{"line":11,"column":2},"end":{"line":14,"column":4}},"2":{"start":{"line":18,"column":2},"end":{"line":21,"column":4}},"3":{"start":{"line":25,"column":2},"end":{"line":28,"column":4}},"4":{"start":{"line":32,"column":2},"end":{"line":35,"column":4}},"5":{"start":{"line":39,"column":2},"end":{"line":42,"column":4}},"6":{"start":{"line":46,"column":2},"end":{"line":49,"column":4}},"7":{"start":{"line":53,"column":2},"end":{"line":56,"column":4}},"8":{"start":{"line":60,"column":2},"end":{"line":62,"column":4}}},"fnMap":{"0":{"name":"getLogin","decl":{"start":{"line":3,"column":16},"end":{"line":3,"column":24}},"loc":{"start":{"line":3,"column":31},"end":{"line":8,"column":1}},"line":3},"1":{"name":"getLoginSuccess","decl":{"start":{"line":10,"column":16},"end":{"line":10,"column":31}},"loc":{"start":{"line":10,"column":38},"end":{"line":15,"column":1}},"line":10},"2":{"name":"getLoginFailure","decl":{"start":{"line":17,"column":16},"end":{"line":17,"column":31}},"loc":{"start":{"line":17,"column":39},"end":{"line":22,"column":1}},"line":17},"3":{"name":"getSignup","decl":{"start":{"line":24,"column":16},"end":{"line":24,"column":25}},"loc":{"start":{"line":24,"column":32},"end":{"line":29,"column":1}},"line":24},"4":{"name":"getSignupSuccess","decl":{"start":{"line":31,"column":16},"end":{"line":31,"column":32}},"loc":{"start":{"line":31,"column":39},"end":{"line":36,"column":1}},"line":31},"5":{"name":"getSignupFailure","decl":{"start":{"line":38,"column":16},"end":{"line":38,"column":32}},"loc":{"start":{"line":38,"column":40},"end":{"line":43,"column":1}},"line":38},"6":{"name":"loginDetails","decl":{"start":{"line":45,"column":16},"end":{"line":45,"column":28}},"loc":{"start":{"line":45,"column":35},"end":{"line":50,"column":1}},"line":45},"7":{"name":"loginData","decl":{"start":{"line":52,"column":16},"end":{"line":52,"column":25}},"loc":{"start":{"line":52,"column":32},"end":{"line":57,"column":1}},"line":52},"8":{"name":"signUp","decl":{"start":{"line":59,"column":16},"end":{"line":59,"column":22}},"loc":{"start":{"line":59,"column":25},"end":{"line":63,"column":1}},"line":59}},"branchMap":{},"s":{"0":0,"1":0,"2":0,"3":0,"4":0,"5":0,"6":0,"7":0,"8":0},"f":{"0":0,"1":0,"2":0,"3":0,"4":0,"5":0,"6":0,"7":0,"8":0},"b":{},"_coverageSchema":"332fd63041d2c1bcb487cc26dd0d5f7d97098a6c","hash":"1bb8262f5e9e1f4e4a98093593b1812cbbfd734e"}
,"D:\\LoginPage\\src\\actionTypes\\Form.js": {"path":"D:\\LoginPage\\src\\actionTypes\\Form.js","statementMap":{"0":{"start":{"line":1,"column":25},"end":{"line":1,"column":36}},"1":{"start":{"line":2,"column":33},"end":{"line":2,"column":52}},"2":{"start":{"line":3,"column":33},"end":{"line":3,"column":52}},"3":{"start":{"line":4,"column":26},"end":{"line":4,"column":38}},"4":{"start":{"line":5,"column":34},"end":{"line":5,"column":54}},"5":{"start":{"line":6,"column":34},"end":{"line":6,"column":54}},"6":{"start":{"line":7,"column":29},"end":{"line":7,"column":44}},"7":{"start":{"line":8,"column":26},"end":{"line":8,"column":38}},"8":{"start":{"line":9,"column":23},"end":{"line":9,"column":32}}},"fnMap":{},"branchMap":{},"s":{"0":3,"1":3,"2":3,"3":3,"4":3,"5":3,"6":3,"7":3,"8":3},"f":{},"b":{},"_coverageSchema":"332fd63041d2c1bcb487cc26dd0d5f7d97098a6c","hash":"2136b3d28f406dc1a3785267d77f2c792ed7f60d"}
,"D:\\LoginPage\\src\\components\\Dashboard.js": {"path":"D:\\LoginPage\\src\\components\\Dashboard.js","statementMap":{"0":{"start":{"line":3,"column":18},"end":{"line":3,"column":57}},"1":{"start":{"line":3,"column":25},"end":{"line":3,"column":56}}},"fnMap":{"0":{"name":"(anonymous_0)","decl":{"start":{"line":3,"column":18},"end":{"line":3,"column":19}},"loc":{"start":{"line":3,"column":25},"end":{"line":3,"column":56}},"line":3}},"branchMap":{},"s":{"0":3,"1":1},"f":{"0":1},"b":{},"_coverageSchema":"332fd63041d2c1bcb487cc26dd0d5f7d97098a6c","hash":"e96db56ec09c12d4ef83f6da4bded7f6a6ad1080"}
,"D:\\LoginPage\\src\\components\\Home.js": {"path":"D:\\LoginPage\\src\\components\\Home.js","statementMap":{"0":{"start":{"line":13,"column":4},"end":{"line":13,"column":17}},"1":{"start":{"line":14,"column":4},"end":{"line":18,"column":6}},"2":{"start":{"line":22,"column":4},"end":{"line":22,"column":26}},"3":{"start":{"line":26,"column":4},"end":{"line":33,"column":5}},"4":{"start":{"line":27,"column":6},"end":{"line":32,"column":15}},"5":{"start":{"line":28,"column":8},"end":{"line":30,"column":11}},"6":{"start":{"line":31,"column":8},"end":{"line":31,"column":28}},"7":{"start":{"line":37,"column":4},"end":{"line":40,"column":7}},"8":{"start":{"line":44,"column":4},"end":{"line":47,"column":7}},"9":{"start":{"line":51,"column":4},"end":{"line":53,"column":7}},"10":{"start":{"line":57,"column":36},"end":{"line":57,"column":46}},"11":{"start":{"line":58,"column":22},"end":{"line":58,"column":32}},"12":{"start":{"line":59,"column":4},"end":{"line":79,"column":6}},"13":{"start":{"line":83,"column":0},"end":{"line":89,"column":2}},"14":{"start":{"line":92,"column":19},"end":{"line":92,"column":24}},"15":{"start":{"line":95,"column":20},"end":{"line":95,"column":24}},"16":{"start":{"line":96,"column":2},"end":{"line":100,"column":4}},"17":{"start":{"line":104,"column":2},"end":{"line":107,"column":15}}},"fnMap":{"0":{"name":"(anonymous_0)","decl":{"start":{"line":12,"column":2},"end":{"line":12,"column":3}},"loc":{"start":{"line":12,"column":21},"end":{"line":19,"column":3}},"line":12},"1":{"name":"(anonymous_1)","decl":{"start":{"line":21,"column":2},"end":{"line":21,"column":3}},"loc":{"start":{"line":21,"column":22},"end":{"line":23,"column":3}},"line":21},"2":{"name":"(anonymous_2)","decl":{"start":{"line":25,"column":2},"end":{"line":25,"column":3}},"loc":{"start":{"line":25,"column":32},"end":{"line":34,"column":3}},"line":25},"3":{"name":"(anonymous_3)","decl":{"start":{"line":27,"column":17},"end":{"line":27,"column":18}},"loc":{"start":{"line":27,"column":23},"end":{"line":32,"column":7}},"line":27},"4":{"name":"(anonymous_4)","decl":{"start":{"line":36,"column":10},"end":{"line":36,"column":11}},"loc":{"start":{"line":36,"column":16},"end":{"line":41,"column":3}},"line":36},"5":{"name":"(anonymous_5)","decl":{"start":{"line":43,"column":11},"end":{"line":43,"column":12}},"loc":{"start":{"line":43,"column":17},"end":{"line":48,"column":3}},"line":43},"6":{"name":"(anonymous_6)","decl":{"start":{"line":50,"column":16},"end":{"line":50,"column":17}},"loc":{"start":{"line":50,"column":22},"end":{"line":54,"column":3}},"line":50},"7":{"name":"(anonymous_7)","decl":{"start":{"line":56,"column":2},"end":{"line":56,"column":3}},"loc":{"start":{"line":56,"column":11},"end":{"line":80,"column":3}},"line":56},"8":{"name":"mapStateToProps","decl":{"start":{"line":91,"column":9},"end":{"line":91,"column":24}},"loc":{"start":{"line":91,"column":32},"end":{"line":101,"column":1}},"line":91},"9":{"name":"mapDispatchToProps","decl":{"start":{"line":103,"column":9},"end":{"line":103,"column":27}},"loc":{"start":{"line":103,"column":38},"end":{"line":108,"column":1}},"line":103}},"branchMap":{"0":{"loc":{"start":{"line":26,"column":4},"end":{"line":33,"column":5}},"type":"if","locations":[{"start":{"line":26,"column":4},"end":{"line":33,"column":5}},{"start":{"line":26,"column":4},"end":{"line":33,"column":5}}],"line":26},"1":{"loc":{"start":{"line":65,"column":11},"end":{"line":65,"column":56}},"type":"binary-expr","locations":[{"start":{"line":65,"column":11},"end":{"line":65,"column":16}},{"start":{"line":65,"column":20},"end":{"line":65,"column":56}}],"line":65},"2":{"loc":{"start":{"line":66,"column":11},"end":{"line":66,"column":58}},"type":"binary-expr","locations":[{"start":{"line":66,"column":11},"end":{"line":66,"column":17}},{"start":{"line":66,"column":21},"end":{"line":66,"column":58}}],"line":66},"3":{"loc":{"start":{"line":67,"column":11},"end":{"line":76,"column":27}},"type":"binary-expr","locations":[{"start":{"line":67,"column":12},"end":{"line":67,"column":18}},{"start":{"line":67,"column":22},"end":{"line":67,"column":29}},{"start":{"line":68,"column":12},"end":{"line":76,"column":27}}],"line":67},"4":{"loc":{"start":{"line":69,"column":15},"end":{"line":69,"column":115}},"type":"binary-expr","locations":[{"start":{"line":69,"column":15},"end":{"line":69,"column":20}},{"start":{"line":69,"column":24},"end":{"line":69,"column":115}}],"line":69}},"s":{"0":0,"1":0,"2":0,"3":0,"4":0,"5":0,"6":0,"7":0,"8":0,"9":0,"10":0,"11":0,"12":0,"13":2,"14":2,"15":2,"16":0,"17":0},"f":{"0":0,"1":0,"2":0,"3":0,"4":0,"5":0,"6":0,"7":0,"8":2,"9":0},"b":{"0":[0,0],"1":[0,0],"2":[0,0],"3":[0,0,0],"4":[0,0]},"_coverageSchema":"332fd63041d2c1bcb487cc26dd0d5f7d97098a6c","hash":"6a306dd0bab8e09300b40d9c5287175810ce8d8c"}
,"D:\\LoginPage\\src\\components\\Login.js": {"path":"D:\\LoginPage\\src\\components\\Login.js","statementMap":{"0":{"start":{"line":14,"column":4},"end":{"line":38,"column":8}},"1":{"start":{"line":16,"column":8},"end":{"line":16,"column":29}},"2":{"start":{"line":17,"column":8},"end":{"line":17,"column":24}},"3":{"start":{"line":21,"column":32},"end":{"line":21,"column":42}},"4":{"start":{"line":22,"column":21},"end":{"line":22,"column":34}},"5":{"start":{"line":23,"column":24},"end":{"line":23,"column":35}},"6":{"start":{"line":24,"column":29},"end":{"line":24,"column":44}},"7":{"start":{"line":25,"column":8},"end":{"line":37,"column":9}},"8":{"start":{"line":25,"column":40},"end":{"line":25,"column":72}},"9":{"start":{"line":26,"column":10},"end":{"line":29,"column":13}},"10":{"start":{"line":30,"column":15},"end":{"line":37,"column":9}},"11":{"start":{"line":30,"column":47},"end":{"line":30,"column":79}},"12":{"start":{"line":31,"column":10},"end":{"line":34,"column":13}},"13":{"start":{"line":36,"column":10},"end":{"line":36,"column":37}},"14":{"start":{"line":44,"column":4},"end":{"line":50,"column":10}},"15":{"start":{"line":56,"column":8},"end":{"line":56,"column":13}},"16":{"start":{"line":57,"column":4},"end":{"line":78,"column":6}},"17":{"start":{"line":82,"column":4},"end":{"line":84,"column":6}},"18":{"start":{"line":88,"column":0},"end":{"line":93,"column":2}},"19":{"start":{"line":96,"column":25},"end":{"line":96,"column":30}},"20":{"start":{"line":97,"column":26},"end":{"line":97,"column":30}},"21":{"start":{"line":98,"column":2},"end":{"line":102,"column":4}},"22":{"start":{"line":105,"column":18},"end":{"line":105,"column":49}}},"fnMap":{"0":{"name":"(anonymous_0)","decl":{"start":{"line":13,"column":11},"end":{"line":13,"column":12}},"loc":{"start":{"line":14,"column":4},"end":{"line":38,"column":8}},"line":14},"1":{"name":"(anonymous_1)","decl":{"start":{"line":15,"column":12},"end":{"line":15,"column":13}},"loc":{"start":{"line":15,"column":26},"end":{"line":19,"column":7}},"line":15},"2":{"name":"(anonymous_2)","decl":{"start":{"line":20,"column":12},"end":{"line":20,"column":13}},"loc":{"start":{"line":20,"column":26},"end":{"line":38,"column":7}},"line":20},"3":{"name":"(anonymous_3)","decl":{"start":{"line":25,"column":31},"end":{"line":25,"column":32}},"loc":{"start":{"line":25,"column":40},"end":{"line":25,"column":72}},"line":25},"4":{"name":"(anonymous_4)","decl":{"start":{"line":30,"column":38},"end":{"line":30,"column":39}},"loc":{"start":{"line":30,"column":47},"end":{"line":30,"column":79}},"line":30},"5":{"name":"(anonymous_5)","decl":{"start":{"line":41,"column":16},"end":{"line":41,"column":17}},"loc":{"start":{"line":44,"column":4},"end":{"line":50,"column":10}},"line":44},"6":{"name":"(anonymous_6)","decl":{"start":{"line":53,"column":10},"end":{"line":53,"column":11}},"loc":{"start":{"line":53,"column":21},"end":{"line":79,"column":3}},"line":53},"7":{"name":"(anonymous_7)","decl":{"start":{"line":81,"column":2},"end":{"line":81,"column":3}},"loc":{"start":{"line":81,"column":11},"end":{"line":85,"column":3}},"line":81},"8":{"name":"mapStateToProps","decl":{"start":{"line":95,"column":9},"end":{"line":95,"column":24}},"loc":{"start":{"line":95,"column":32},"end":{"line":103,"column":1}},"line":95}},"branchMap":{"0":{"loc":{"start":{"line":24,"column":29},"end":{"line":24,"column":44}},"type":"binary-expr","locations":[{"start":{"line":24,"column":29},"end":{"line":24,"column":36}},{"start":{"line":24,"column":40},"end":{"line":24,"column":44}}],"line":24},"1":{"loc":{"start":{"line":25,"column":8},"end":{"line":37,"column":9}},"type":"if","locations":[{"start":{"line":25,"column":8},"end":{"line":37,"column":9}},{"start":{"line":25,"column":8},"end":{"line":37,"column":9}}],"line":25},"2":{"loc":{"start":{"line":30,"column":15},"end":{"line":37,"column":9}},"type":"if","locations":[{"start":{"line":30,"column":15},"end":{"line":37,"column":9}},{"start":{"line":30,"column":15},"end":{"line":37,"column":9}}],"line":30},"3":{"loc":{"start":{"line":48,"column":9},"end":{"line":48,"column":71}},"type":"binary-expr","locations":[{"start":{"line":48,"column":9},"end":{"line":48,"column":16}},{"start":{"line":48,"column":20},"end":{"line":48,"column":25}},{"start":{"line":48,"column":29},"end":{"line":48,"column":71}}],"line":48},"4":{"loc":{"start":{"line":71,"column":9},"end":{"line":71,"column":67}},"type":"binary-expr","locations":[{"start":{"line":71,"column":9},"end":{"line":71,"column":14}},{"start":{"line":71,"column":18},"end":{"line":71,"column":67}}],"line":71}},"s":{"0":0,"1":0,"2":0,"3":0,"4":0,"5":0,"6":0,"7":0,"8":0,"9":0,"10":0,"11":0,"12":0,"13":0,"14":0,"15":0,"16":0,"17":0,"18":2,"19":0,"20":0,"21":0,"22":2},"f":{"0":0,"1":0,"2":0,"3":0,"4":0,"5":0,"6":0,"7":0,"8":0},"b":{"0":[0,0],"1":[0,0],"2":[0,0],"3":[0,0,0],"4":[0,0]},"_coverageSchema":"332fd63041d2c1bcb487cc26dd0d5f7d97098a6c","hash":"f23175eb71f81cc09eeae32b88601471b94348fd"}
,"D:\\LoginPage\\src\\components\\Signup.js": {"path":"D:\\LoginPage\\src\\components\\Signup.js","statementMap":{"0":{"start":{"line":12,"column":16},"end":{"line":45,"column":1}},"1":{"start":{"line":49,"column":23},"end":{"line":49,"column":33}},"2":{"start":{"line":50,"column":4},"end":{"line":50,"column":33}},"3":{"start":{"line":51,"column":4},"end":{"line":51,"column":27}},"4":{"start":{"line":55,"column":28},"end":{"line":55,"column":38}},"5":{"start":{"line":56,"column":35},"end":{"line":56,"column":41}},"6":{"start":{"line":57,"column":25},"end":{"line":57,"column":38}},"7":{"start":{"line":58,"column":4},"end":{"line":61,"column":7}},"8":{"start":{"line":62,"column":4},"end":{"line":62,"column":39}},"9":{"start":{"line":68,"column":8},"end":{"line":68,"column":13}},"10":{"start":{"line":69,"column":23},"end":{"line":69,"column":27}},"11":{"start":{"line":70,"column":4},"end":{"line":161,"column":6}},"12":{"start":{"line":148,"column":36},"end":{"line":148,"column":67}},"13":{"start":{"line":165,"column":4},"end":{"line":167,"column":6}},"14":{"start":{"line":171,"column":0},"end":{"line":178,"column":2}},"15":{"start":{"line":181,"column":25},"end":{"line":181,"column":30}},"16":{"start":{"line":182,"column":26},"end":{"line":182,"column":30}},"17":{"start":{"line":183,"column":21},"end":{"line":183,"column":27}},"18":{"start":{"line":184,"column":2},"end":{"line":187,"column":4}},"19":{"start":{"line":191,"column":2},"end":{"line":194,"column":15}},"20":{"start":{"line":197,"column":19},"end":{"line":197,"column":71}}},"fnMap":{"0":{"name":"(anonymous_0)","decl":{"start":{"line":48,"column":15},"end":{"line":48,"column":16}},"loc":{"start":{"line":48,"column":21},"end":{"line":52,"column":3}},"line":48},"1":{"name":"(anonymous_1)","decl":{"start":{"line":54,"column":20},"end":{"line":54,"column":21}},"loc":{"start":{"line":54,"column":26},"end":{"line":63,"column":3}},"line":54},"2":{"name":"(anonymous_2)","decl":{"start":{"line":65,"column":11},"end":{"line":65,"column":12}},"loc":{"start":{"line":65,"column":22},"end":{"line":162,"column":3}},"line":65},"3":{"name":"(anonymous_3)","decl":{"start":{"line":148,"column":27},"end":{"line":148,"column":28}},"loc":{"start":{"line":148,"column":36},"end":{"line":148,"column":67}},"line":148},"4":{"name":"(anonymous_4)","decl":{"start":{"line":164,"column":2},"end":{"line":164,"column":3}},"loc":{"start":{"line":164,"column":11},"end":{"line":168,"column":3}},"line":164},"5":{"name":"mapStateToProps","decl":{"start":{"line":180,"column":9},"end":{"line":180,"column":24}},"loc":{"start":{"line":180,"column":32},"end":{"line":188,"column":1}},"line":180},"6":{"name":"mapDispatchToProps","decl":{"start":{"line":190,"column":9},"end":{"line":190,"column":27}},"loc":{"start":{"line":190,"column":38},"end":{"line":195,"column":1}},"line":190}},"branchMap":{"0":{"loc":{"start":{"line":55,"column":12},"end":{"line":55,"column":23}},"type":"default-arg","locations":[{"start":{"line":55,"column":21},"end":{"line":55,"column":23}}],"line":55},"1":{"loc":{"start":{"line":154,"column":13},"end":{"line":154,"column":109}},"type":"binary-expr","locations":[{"start":{"line":154,"column":13},"end":{"line":154,"column":19}},{"start":{"line":154,"column":23},"end":{"line":154,"column":109}}],"line":154},"2":{"loc":{"start":{"line":182,"column":10},"end":{"line":182,"column":21}},"type":"default-arg","locations":[{"start":{"line":182,"column":19},"end":{"line":182,"column":21}}],"line":182}},"s":{"0":3,"1":0,"2":0,"3":0,"4":0,"5":0,"6":0,"7":0,"8":0,"9":0,"10":0,"11":0,"12":0,"13":0,"14":3,"15":0,"16":0,"17":0,"18":0,"19":0,"20":3},"f":{"0":0,"1":0,"2":0,"3":0,"4":0,"5":0,"6":0},"b":{"0":[0],"1":[0,0],"2":[0]},"_coverageSchema":"332fd63041d2c1bcb487cc26dd0d5f7d97098a6c","hash":"772979d0da444dde335063ce477c25594994ac1e"}
,"D:\\LoginPage\\src\\config\\jest\\fakeStore.js": {"path":"D:\\LoginPage\\src\\config\\jest\\fakeStore.js","statementMap":{"0":{"start":{"line":1,"column":25},"end":{"line":6,"column":2}},"1":{"start":{"line":1,"column":37},"end":{"line":6,"column":1}},"2":{"start":{"line":5,"column":19},"end":{"line":5,"column":31}}},"fnMap":{"0":{"name":"(anonymous_0)","decl":{"start":{"line":1,"column":25},"end":{"line":1,"column":26}},"loc":{"start":{"line":1,"column":37},"end":{"line":6,"column":1}},"line":1},"1":{"name":"(anonymous_1)","decl":{"start":{"line":2,"column":11},"end":{"line":2,"column":12}},"loc":{"start":{"line":2,"column":17},"end":{"line":2,"column":19}},"line":2},"2":{"name":"(anonymous_2)","decl":{"start":{"line":3,"column":13},"end":{"line":3,"column":14}},"loc":{"start":{"line":3,"column":19},"end":{"line":3,"column":21}},"line":3},"3":{"name":"(anonymous_3)","decl":{"start":{"line":4,"column":12},"end":{"line":4,"column":13}},"loc":{"start":{"line":4,"column":18},"end":{"line":4,"column":20}},"line":4},"4":{"name":"(anonymous_4)","decl":{"start":{"line":5,"column":12},"end":{"line":5,"column":13}},"loc":{"start":{"line":5,"column":19},"end":{"line":5,"column":31}},"line":5}},"branchMap":{},"s":{"0":1,"1":1,"2":2},"f":{"0":1,"1":0,"2":0,"3":0,"4":2},"b":{},"_coverageSchema":"332fd63041d2c1bcb487cc26dd0d5f7d97098a6c","hash":"7667e5976a0222d638fb0b57b5d58b17b669fc7f"}
,"D:\\LoginPage\\src\\config\\jest\\setupTests.js": {"path":"D:\\LoginPage\\src\\config\\jest\\setupTests.js","statementMap":{"0":{"start":{"line":16,"column":21},"end":{"line":16,"column":49}},"1":{"start":{"line":18,"column":0},"end":{"line":18,"column":42}},"2":{"start":{"line":19,"column":0},"end":{"line":19,"column":37}},"3":{"start":{"line":20,"column":0},"end":{"line":20,"column":36}},"4":{"start":{"line":21,"column":0},"end":{"line":21,"column":46}},"5":{"start":{"line":22,"column":0},"end":{"line":22,"column":42}},"6":{"start":{"line":23,"column":0},"end":{"line":36,"column":2}},"7":{"start":{"line":37,"column":0},"end":{"line":37,"column":42}}},"fnMap":{},"branchMap":{},"s":{"0":4,"1":4,"2":4,"3":4,"4":4,"5":4,"6":4,"7":4},"f":{},"b":{},"_coverageSchema":"332fd63041d2c1bcb487cc26dd0d5f7d97098a6c","hash":"7d8d76c03688b6ebf12f053016c98acee70f73a4"}
}
