TN:
SF:D:\LoginPage\src\routes.js
FN:13,(anonymous_0)
FNF:1
FNH:0
FNDA:0,(anonymous_0)
DA:11,2
DA:13,2
DA:14,0
LF:3
LH:2
BRF:0
BRH:0
end_of_record
TN:
SF:D:\LoginPage\src\actionCreators\Form.js
FN:3,getLogin
FN:10,getLoginSuccess
FN:17,getLoginFailure
FN:24,getSignup
FN:31,getSignupSuccess
FN:38,getSignupFailure
FN:45,loginDetails
FN:52,loginData
FN:59,signUp
FNF:9
FNH:0
FNDA:0,getLogin
FNDA:0,getLoginSuccess
FNDA:0,getLoginFailure
FNDA:0,getSignup
FNDA:0,getSignupSuccess
FNDA:0,getSignupFailure
FNDA:0,loginDetails
FNDA:0,loginData
FNDA:0,signUp
DA:4,0
DA:11,0
DA:18,0
DA:25,0
DA:32,0
DA:39,0
DA:46,0
DA:53,0
DA:60,0
LF:9
LH:0
BRF:0
BRH:0
end_of_record
TN:
SF:D:\LoginPage\src\actionTypes\Form.js
FNF:0
FNH:0
DA:1,3
DA:2,3
DA:3,3
DA:4,3
DA:5,3
DA:6,3
DA:7,3
DA:8,3
DA:9,3
LF:9
LH:9
BRF:0
BRH:0
end_of_record
TN:
SF:D:\LoginPage\src\components\Dashboard.js
FN:3,(anonymous_0)
FNF:1
FNH:1
FNDA:1,(anonymous_0)
DA:3,3
LF:1
LH:1
BRF:0
BRH:0
end_of_record
TN:
SF:D:\LoginPage\src\components\Home.js
FN:12,(anonymous_0)
FN:21,(anonymous_1)
FN:25,(anonymous_2)
FN:27,(anonymous_3)
FN:36,(anonymous_4)
FN:43,(anonymous_5)
FN:50,(anonymous_6)
FN:56,(anonymous_7)
FN:91,mapStateToProps
FN:103,mapDispatchToProps
FNF:10
FNH:1
FNDA:0,(anonymous_0)
FNDA:0,(anonymous_1)
FNDA:0,(anonymous_2)
FNDA:0,(anonymous_3)
FNDA:0,(anonymous_4)
FNDA:0,(anonymous_5)
FNDA:0,(anonymous_6)
FNDA:0,(anonymous_7)
FNDA:2,mapStateToProps
FNDA:0,mapDispatchToProps
DA:13,0
DA:14,0
DA:22,0
DA:26,0
DA:27,0
DA:28,0
DA:31,0
DA:37,0
DA:44,0
DA:51,0
DA:57,0
DA:58,0
DA:59,0
DA:83,2
DA:92,2
DA:95,2
DA:96,0
DA:104,0
LF:18
LH:3
BRDA:26,0,0,0
BRDA:26,0,1,0
BRDA:65,1,0,0
BRDA:65,1,1,0
BRDA:66,2,0,0
BRDA:66,2,1,0
BRDA:67,3,0,0
BRDA:67,3,1,0
BRDA:67,3,2,0
BRDA:69,4,0,0
BRDA:69,4,1,0
BRF:11
BRH:0
end_of_record
TN:
SF:D:\LoginPage\src\components\Login.js
FN:13,(anonymous_0)
FN:15,(anonymous_1)
FN:20,(anonymous_2)
FN:25,(anonymous_3)
FN:30,(anonymous_4)
FN:41,(anonymous_5)
FN:53,(anonymous_6)
FN:81,(anonymous_7)
FN:95,mapStateToProps
FNF:9
FNH:0
FNDA:0,(anonymous_0)
FNDA:0,(anonymous_1)
FNDA:0,(anonymous_2)
FNDA:0,(anonymous_3)
FNDA:0,(anonymous_4)
FNDA:0,(anonymous_5)
FNDA:0,(anonymous_6)
FNDA:0,(anonymous_7)
FNDA:0,mapStateToProps
DA:14,0
DA:16,0
DA:17,0
DA:21,0
DA:22,0
DA:23,0
DA:24,0
DA:25,0
DA:26,0
DA:30,0
DA:31,0
DA:36,0
DA:44,0
DA:56,0
DA:57,0
DA:82,0
DA:88,2
DA:96,0
DA:97,0
DA:98,0
DA:105,2
LF:21
LH:2
BRDA:24,0,0,0
BRDA:24,0,1,0
BRDA:25,1,0,0
BRDA:25,1,1,0
BRDA:30,2,0,0
BRDA:30,2,1,0
BRDA:48,3,0,0
BRDA:48,3,1,0
BRDA:48,3,2,0
BRDA:71,4,0,0
BRDA:71,4,1,0
BRF:11
BRH:0
end_of_record
TN:
SF:D:\LoginPage\src\components\Signup.js
FN:48,(anonymous_0)
FN:54,(anonymous_1)
FN:65,(anonymous_2)
FN:148,(anonymous_3)
FN:164,(anonymous_4)
FN:180,mapStateToProps
FN:190,mapDispatchToProps
FNF:7
FNH:0
FNDA:0,(anonymous_0)
FNDA:0,(anonymous_1)
FNDA:0,(anonymous_2)
FNDA:0,(anonymous_3)
FNDA:0,(anonymous_4)
FNDA:0,mapStateToProps
FNDA:0,mapDispatchToProps
DA:12,3
DA:49,0
DA:50,0
DA:51,0
DA:55,0
DA:56,0
DA:57,0
DA:58,0
DA:62,0
DA:68,0
DA:69,0
DA:70,0
DA:148,0
DA:165,0
DA:171,3
DA:181,0
DA:182,0
DA:183,0
DA:184,0
DA:191,0
DA:197,3
LF:21
LH:3
BRDA:55,0,0,0
BRDA:154,1,0,0
BRDA:154,1,1,0
BRDA:182,2,0,0
BRF:4
BRH:0
end_of_record
TN:
SF:D:\LoginPage\src\config\jest\fakeStore.js
FN:1,(anonymous_0)
FN:2,(anonymous_1)
FN:3,(anonymous_2)
FN:4,(anonymous_3)
FN:5,(anonymous_4)
FNF:5
FNH:2
FNDA:1,(anonymous_0)
FNDA:0,(anonymous_1)
FNDA:0,(anonymous_2)
FNDA:0,(anonymous_3)
FNDA:2,(anonymous_4)
DA:1,1
DA:5,2
LF:2
LH:2
BRF:0
BRH:0
end_of_record
TN:
SF:D:\LoginPage\src\config\jest\setupTests.js
FNF:0
FNH:0
DA:16,4
DA:18,4
DA:19,4
DA:20,4
DA:21,4
DA:22,4
DA:23,4
DA:37,4
LF:8
LH:8
BRF:0
BRH:0
end_of_record
